2021-05-08T15:44:50+00:00 CRITICAL Uncaught Error: Attempt to assign property "section" on null in C:\xampp\htdocs\pfa\wp-content\themes\oceanwp\inc\woocommerce\woocommerce-config.php:300
Stack trace:
#0 C:\xampp\htdocs\pfa\wp-includes\class-wp-hook.php(292): OceanWP_WooCommerce_Config::woo_section(Object(WP_Customize_Manager))
#1 C:\xampp\htdocs\pfa\wp-includes\class-wp-hook.php(316): WP_Hook->apply_filters(NULL, Array)
#2 C:\xampp\htdocs\pfa\wp-includes\plugin.php(484): WP_Hook->do_action(Array)
#3 C:\xampp\htdocs\pfa\wp-includes\class-wp-customize-manager.php(933): do_action('customize_regis...', Object(WP_Customize_Manager))
#4 C:\xampp\htdocs\pfa\wp-includes\class-wp-hook.php(292): WP_Customize_Manager->wp_loaded('')
#5 C:\xampp\htdocs\pfa\wp-includes\class-wp-hook.php(316): WP_Hook->apply_filters(NULL, Array)
#6 C:\xampp\htdocs\pfa\wp-includes\plugin.php(484): WP_Hook->do_action(Array)
#7 C:\xampp\htdocs\pfa\wp-settings.php(582): do_action('wp_loaded')
#8 C:\xampp\htdocs\pfa\wp-config.php(90): require_once('C:\\xampp\\htdocs...')
#9 C:\xampp\htdocs\pfa\wp-load.php(37): require_once('C:\\xampp\\htdocs...')
#10 C:\xampp\htdocs\pfa\wp-blog-header.php(13): require_once('C:\\xampp\\htdocs...')
#11 C:\xampp\htdocs\pfa\index.php(17): require('C:\\xampp\\htdocs...')
#12 {main}
  thrown in C:\xampp\htdocs\pfa\wp-content\themes\oceanwp\inc\woocommerce\woocommerce-config.php on line 300

2021-05-08T15:52:44+00:00 CRITICAL Uncaught Error: Attempt to assign property "section" on null in C:\xampp\htdocs\pfa\wp-content\themes\oceanwp\inc\woocommerce\woocommerce-config.php:300
Stack trace:
#0 C:\xampp\htdocs\pfa\wp-includes\class-wp-hook.php(292): OceanWP_WooCommerce_Config::woo_section(Object(WP_Customize_Manager))
#1 C:\xampp\htdocs\pfa\wp-includes\class-wp-hook.php(316): WP_Hook->apply_filters(NULL, Array)
#2 C:\xampp\htdocs\pfa\wp-includes\plugin.php(484): WP_Hook->do_action(Array)
#3 C:\xampp\htdocs\pfa\wp-includes\class-wp-customize-manager.php(933): do_action('customize_regis...', Object(WP_Customize_Manager))
#4 C:\xampp\htdocs\pfa\wp-includes\class-wp-hook.php(292): WP_Customize_Manager->wp_loaded('')
#5 C:\xampp\htdocs\pfa\wp-includes\class-wp-hook.php(316): WP_Hook->apply_filters(NULL, Array)
#6 C:\xampp\htdocs\pfa\wp-includes\plugin.php(484): WP_Hook->do_action(Array)
#7 C:\xampp\htdocs\pfa\wp-settings.php(582): do_action('wp_loaded')
#8 C:\xampp\htdocs\pfa\wp-config.php(90): require_once('C:\\xampp\\htdocs...')
#9 C:\xampp\htdocs\pfa\wp-load.php(37): require_once('C:\\xampp\\htdocs...')
#10 C:\xampp\htdocs\pfa\wp-blog-header.php(13): require_once('C:\\xampp\\htdocs...')
#11 C:\xampp\htdocs\pfa\index.php(17): require('C:\\xampp\\htdocs...')
#12 {main}
  thrown in C:\xampp\htdocs\pfa\wp-content\themes\oceanwp\inc\woocommerce\woocommerce-config.php on line 300

